<?xml version="1.0" encoding="UTF-8"?>
<!-- Generated by org.testng.reporters.JUnitXMLReporter -->
<testsuite ignored="0" hostname="DESKTOP-AI1T1MA" failures="0" tests="3" name="Default test" time="0.111" errors="0" timestamp="2025-06-13T12:33:41 IST">
  <testcase classname="projecttestng.testngday1" name="Test1" time="0.011"/>
  <testcase classname="projecttestng.testngday1" name="Test2" time="0.001"/>
  <testcase classname="projecttestng.testngday1" name="Test3" time="0.003"/>
</testsuite> <!-- Default test -->
