<?xml version="1.0" encoding="UTF-8"?>
<testng-results ignored="0" total="3" passed="3" failed="0" skipped="0">
  <reporter-output>
  </reporter-output>
  <suite started-at="2025-06-13T12:33:41 IST" name="Default suite" finished-at="2025-06-13T12:33:41 IST" duration-ms="111">
    <groups>
    </groups>
    <test started-at="2025-06-13T12:33:41 IST" name="Default test" finished-at="2025-06-13T12:33:41 IST" duration-ms="111">
      <class name="projecttestng.testngday1">
        <test-method is-config="true" signature="btest()[pri:0, instance:projecttestng.testngday1@bcec361]" started-at="2025-06-13T12:33:41 IST" name="btest" finished-at="2025-06-13T12:33:41 IST" duration-ms="15" status="PASS">
          <reporter-output>
          </reporter-output>
        </test-method> <!-- btest -->
        <test-method is-config="true" signature="bmethod()[pri:0, instance:projecttestng.testngday1@bcec361]" started-at="2025-06-13T12:33:41 IST" name="bmethod" finished-at="2025-06-13T12:33:41 IST" duration-ms="1" status="PASS">
          <reporter-output>
          </reporter-output>
        </test-method> <!-- bmethod -->
        <test-method signature="Test1()[pri:0, instance:projecttestng.testngday1@bcec361]" started-at="2025-06-13T12:33:41 IST" name="Test1" finished-at="2025-06-13T12:33:41 IST" duration-ms="11" status="PASS">
          <reporter-output>
          </reporter-output>
        </test-method> <!-- Test1 -->
        <test-method is-config="true" signature="amethod()[pri:0, instance:projecttestng.testngday1@bcec361]" started-at="2025-06-13T12:33:41 IST" name="amethod" finished-at="2025-06-13T12:33:41 IST" duration-ms="0" status="PASS">
          <reporter-output>
          </reporter-output>
        </test-method> <!-- amethod -->
        <test-method is-config="true" signature="bmethod()[pri:0, instance:projecttestng.testngday1@bcec361]" started-at="2025-06-13T12:33:41 IST" name="bmethod" finished-at="2025-06-13T12:33:41 IST" duration-ms="2" status="PASS">
          <reporter-output>
          </reporter-output>
        </test-method> <!-- bmethod -->
        <test-method signature="Test2()[pri:0, instance:projecttestng.testngday1@bcec361]" started-at="2025-06-13T12:33:41 IST" name="Test2" finished-at="2025-06-13T12:33:41 IST" duration-ms="1" status="PASS">
          <reporter-output>
          </reporter-output>
        </test-method> <!-- Test2 -->
        <test-method is-config="true" signature="amethod()[pri:0, instance:projecttestng.testngday1@bcec361]" started-at="2025-06-13T12:33:41 IST" name="amethod" finished-at="2025-06-13T12:33:41 IST" duration-ms="1" status="PASS">
          <reporter-output>
          </reporter-output>
        </test-method> <!-- amethod -->
        <test-method signature="Test3()[pri:0, instance:projecttestng.testngday1@bcec361]" started-at="2025-06-13T12:33:41 IST" name="Test3" finished-at="2025-06-13T12:33:41 IST" duration-ms="3" status="PASS">
          <reporter-output>
          </reporter-output>
        </test-method> <!-- Test3 -->
        <test-method is-config="true" signature="bmethod()[pri:0, instance:projecttestng.testngday1@bcec361]" started-at="2025-06-13T12:33:41 IST" name="bmethod" finished-at="2025-06-13T12:33:41 IST" duration-ms="0" status="PASS">
          <reporter-output>
          </reporter-output>
        </test-method> <!-- bmethod -->
        <test-method is-config="true" signature="amethod()[pri:0, instance:projecttestng.testngday1@bcec361]" started-at="2025-06-13T12:33:41 IST" name="amethod" finished-at="2025-06-13T12:33:41 IST" duration-ms="0" status="PASS">
          <reporter-output>
          </reporter-output>
        </test-method> <!-- amethod -->
        <test-method is-config="true" signature="atest()[pri:0, instance:projecttestng.testngday1@bcec361]" started-at="2025-06-13T12:33:41 IST" name="atest" finished-at="2025-06-13T12:33:41 IST" duration-ms="1" status="PASS">
          <reporter-output>
          </reporter-output>
        </test-method> <!-- atest -->
      </class> <!-- projecttestng.testngday1 -->
    </test> <!-- Default test -->
  </suite> <!-- Default suite -->
</testng-results>
